2017-12-08 02:55:20 +0000  Initial pipeline context: <IDEDistributionProcessingPipelineContext: 0x7f8982f7c630; archive(resolved)='<IDEArchive: 0x7f89865e6160>', distributionTask(resolved)='2', distributionMethod(resolved)='<IDEDistributionMethodAdHoc: 0x7f8982f4cd20>', team(resolved)='<IDEProvisioningBasicTeam 0x7f8985113ce0: teamID: PGXCZWP75B, teamName: Shenzhen Huateli Science & Technology Co., Ltd.>'>
	Chain (11, self inclusive):
	<IDEDistributionProcessingPipelineContext: 0x7f8982f7c630; archive = '<IDEArchive: 0x7f89865e6160>', distributionMethod='<IDEDistributionMethodAdHoc: 0x7f8982f4cd20>', team='<IDEProvisioningBasicTeam 0x7f8985113ce0: teamID: PGXCZWP75B, teamName: Shenzhen Huateli Science & Technology Co., Ltd.>'>
	<IDEDistributionProcessingPipelineContext: 0x7f89860e5590; archive = '<IDEArchive: 0x7f89865e6160>', distributionMethod='<IDEDistributionMethodAdHoc: 0x7f8982f4cd20>', team='<IDEProvisioningBasicTeam 0x7f8985113ce0: teamID: PGXCZWP75B, teamName: Shenzhen Huateli Science & Technology Co., Ltd.>'>
	<IDEDistributionContext: 0x7f8986352b10; archive = '<IDEArchive: 0x7f89865e6160>', distributionMethod='<IDEDistributionMethodAdHoc: 0x7f8982f4cd20>', team='<IDEProvisioningBasicTeam 0x7f8985113ce0: teamID: PGXCZWP75B, teamName: Shenzhen Huateli Science & Technology Co., Ltd.>'>
	<IDEDistributionContext: 0x7f897f94cb50; archive = '<IDEArchive: 0x7f89865e6160>', distributionMethod='<IDEDistributionMethodAdHoc: 0x7f8982f4cd20>', team='<IDEProvisioningBasicTeam 0x7f8985113ce0: teamID: PGXCZWP75B, teamName: Shenzhen Huateli Science & Technology Co., Ltd.>'>
	<IDEDistributionContext: 0x7f89853f3e30; archive = '<IDEArchive: 0x7f89865e6160>', distributionMethod='<IDEDistributionMethodAdHoc: 0x7f8982f4cd20>', team='<IDEProvisioningBasicTeam 0x7f8985113ce0: teamID: PGXCZWP75B, teamName: Shenzhen Huateli Science & Technology Co., Ltd.>'>
	<IDEDistributionContext: 0x7f89861c8050; archive = '<IDEArchive: 0x7f89865e6160>', distributionMethod='<IDEDistributionMethodAdHoc: 0x7f8982f4cd20>', team='<IDEProvisioningBasicTeam 0x7f8985113ce0: teamID: PGXCZWP75B, teamName: Shenzhen Huateli Science & Technology Co., Ltd.>'>
	<IDEDistributionContext: 0x7f89852b1450; archive = '<IDEArchive: 0x7f89865e6160>', distributionMethod='<IDEDistributionMethodAdHoc: 0x7f8982f4cd20>', team='<IDEProvisioningBasicTeam 0x7f8985113ce0: teamID: PGXCZWP75B, teamName: Shenzhen Huateli Science & Technology Co., Ltd.>'>
	<IDEDistributionContext: 0x7f89864b0e90; archive = '<IDEArchive: 0x7f89865e6160>', distributionMethod='<IDEDistributionMethodAdHoc: 0x7f8982f4cd20>', team='<IDEProvisioningBasicTeam 0x7f8985113ce0: teamID: PGXCZWP75B, teamName: Shenzhen Huateli Science & Technology Co., Ltd.>'>
	<IDEDistributionContext: 0x7f89852192c0; archive = '<IDEArchive: 0x7f89865e6160>', distributionMethod='<IDEDistributionMethodAdHoc: 0x7f8982f4cd20>', team='<IDEProvisioningBasicTeam 0x7f8985113ce0: teamID: PGXCZWP75B, teamName: Shenzhen Huateli Science & Technology Co., Ltd.>'>
	<IDEDistributionContext: 0x7f8982f92970; archive = '<IDEArchive: 0x7f89865e6160>', distributionMethod='<IDEDistributionMethodAdHoc: 0x7f8982f4cd20>', team='(null)'>
	<IDEDistributionContext: 0x7f898576bf50; archive = '<IDEArchive: 0x7f89865e6160>', distributionMethod='(null)', team='(null)'>
</IDEDistributionProcessingPipelineContext: 0x7f8982f7c630>
2017-12-08 02:55:20 +0000  Processing step: IDEDistributionCreateDestRootStep
2017-12-08 02:55:20 +0000  Processing step: IDEDistributionCopyItemStep
2017-12-08 02:55:20 +0000  Running /usr/bin/ditto '-V' '/Users/zhongshu/Library/Developer/Xcode/Archives/2017-12-08/ADarts 08-12-2017, 10.51 AM.xcarchive/Products/Applications/ADarts.app' '/var/folders/h8/jlmqf_7n2gb8td7p7vdv6hb00000gn/T/XcodeDistPipeline.zIn/Root/Payload/ADarts.app'
2017-12-08 02:55:20 +0000  >>> Copying /Users/zhongshu/Library/Developer/Xcode/Archives/2017-12-08/ADarts 08-12-2017, 10.51 AM.xcarchive/Products/Applications/ADarts.app 
2017-12-08 02:55:20 +0000  copying file ./_CodeSignature/CodeResources ... 
2017-12-08 02:55:20 +0000  59753 bytes for ./_CodeSignature/CodeResources
copying file ./ADarts ... 
2017-12-08 02:55:20 +0000  2936224 bytes for ./ADarts
2017-12-08 02:55:20 +0000  copying file ./AlipaySDK.bundle/bar@2x.png ... 
1011 bytes for ./AlipaySDK.bundle/bar@2x.png
copying file ./AlipaySDK.bundle/refresh@2x.png ... 
605 bytes for ./AlipaySDK.bundle/refresh@2x.png
copying file ./AlipaySDK.bundle/refresh_click@2x.png ... 
1824 bytes for ./AlipaySDK.bundle/refresh_click@2x.png
copying file ./AlipaySDK.bundle/shutdown@2x.png ... 
222 bytes for ./AlipaySDK.bundle/shutdown@2x.png
copying file ./AlipaySDK.bundle/shutdown_click@2x.png ... 
1319 bytes for ./AlipaySDK.bundle/shutdown_click@2x.png
copying file ./AppIcon20x20@2x.png ... 
3739 bytes for ./AppIcon20x20@2x.png
copying file ./AppIcon20x20@2x~ipad.png ... 
3739 bytes for ./AppIcon20x20@2x~ipad.png
copying file ./AppIcon20x20@3x.png ... 
5839 bytes for ./AppIcon20x20@3x.png
copying file ./AppIcon29x29.png ... 
2565 bytes for ./AppIcon29x29.png
copying file ./AppIcon29x29@2x.png ... 
5620 bytes for ./AppIcon29x29@2x.png
copying file ./AppIcon29x29@2x~ipad.png ... 
5620 bytes for ./AppIcon29x29@2x~ipad.png
copying file ./AppIcon29x29@3x.png ... 
9129 bytes for ./AppIcon29x29@3x.png
copying file ./AppIcon29x29~ipad.png ... 
2565 bytes for ./AppIcon29x29~ipad.png
copying file ./AppIcon40x40@2x.png ... 
8270 bytes for ./AppIcon40x40@2x.png
copying file ./AppIcon40x40@2x~ipad.png ... 
8270 bytes for ./AppIcon40x40@2x~ipad.png
copying file ./AppIcon40x40@3x.png ... 
12688 bytes for ./AppIcon40x40@3x.png
copying file ./AppIcon40x40~ipad.png ... 
3739 bytes for ./AppIcon40x40~ipad.png
copying file ./AppIcon50x50@2x~ipad.png ... 
10443 bytes for ./AppIcon50x50@2x~ipad.png
copying file ./AppIcon50x50~ipad.png ... 
4820 bytes for ./AppIcon50x50~ipad.png
copying file ./AppIcon57x57.png ... 
5567 bytes for ./AppIcon57x57.png
copying file ./AppIcon57x57@2x.png ... 
12050 bytes for ./AppIcon57x57@2x.png
copying file ./AppIcon60x60@2x.png ... 
12688 bytes for ./AppIcon60x60@2x.png
copying file ./AppIcon60x60@3x.png ... 
20178 bytes for ./AppIcon60x60@3x.png
copying file ./AppIcon72x72@2x~ipad.png ... 
15592 bytes for ./AppIcon72x72@2x~ipad.png
copying file ./AppIcon72x72~ipad.png ... 
7390 bytes for ./AppIcon72x72~ipad.png
copying file ./AppIcon76x76@2x~ipad.png ... 
16543 bytes for ./AppIcon76x76@2x~ipad.png
copying file ./AppIcon76x76~ipad.png ... 
7820 bytes for ./AppIcon76x76~ipad.png
copying file ./AppIcon83.5x83.5@2x~ipad.png ... 
18534 bytes for ./AppIcon83.5x83.5@2x~ipad.png
copying file ./archived-expanded-entitlements.xcent ... 
181 bytes for ./archived-expanded-entitlements.xcent
copying file ./Assets.car ... 
2017-12-08 02:55:20 +0000  433224 bytes for ./Assets.car
2017-12-08 02:55:20 +0000  copying file ./CDVLaunchScreen.storyboardc/01J-lp-oVM-view-Ze5-6b-2t3.nib ... 
2017-12-08 02:55:20 +0000  2285 bytes for ./CDVLaunchScreen.storyboardc/01J-lp-oVM-view-Ze5-6b-2t3.nib
copying file ./CDVLaunchScreen.storyboardc/Info.plist ... 
2017-12-08 02:55:20 +0000  258 bytes for ./CDVLaunchScreen.storyboardc/Info.plist
copying file ./CDVLaunchScreen.storyboardc/UIViewController-01J-lp-oVM.nib ... 
2017-12-08 02:55:20 +0000  832 bytes for ./CDVLaunchScreen.storyboardc/UIViewController-01J-lp-oVM.nib
copying file ./config.xml ... 
2017-12-08 02:55:20 +0000  8014 bytes for ./config.xml
2017-12-08 02:55:20 +0000  copying file ./ELCAlbumPickerController.nib ... 
2017-12-08 02:55:20 +0000  1489 bytes for ./ELCAlbumPickerController.nib
copying file ./ELCAssetPicker.nib ... 
2017-12-08 02:55:20 +0000  1234 bytes for ./ELCAssetPicker.nib
copying file ./ELCAssetTablePicker.nib ... 
2017-12-08 02:55:20 +0000  1510 bytes for ./ELCAssetTablePicker.nib
copying file ./embedded.mobileprovision ... 
2017-12-08 02:55:20 +0000  9770 bytes for ./embedded.mobileprovision
copying file ./Info.plist ... 
2017-12-08 02:55:20 +0000  2467 bytes for ./Info.plist
copying file ./LaunchImage-568h@2x.png ... 
54194 bytes for ./LaunchImage-568h@2x.png
copying file ./LaunchImage-700-568h@2x.png ... 
2017-12-08 02:55:20 +0000  54194 bytes for ./LaunchImage-700-568h@2x.png
copying file ./LaunchImage-700-Landscape@2x~ipad.png ... 
2017-12-08 02:55:20 +0000  109829 bytes for ./LaunchImage-700-Landscape@2x~ipad.png
copying file ./LaunchImage-700-Landscape~ipad.png ... 
42135 bytes for ./LaunchImage-700-Landscape~ipad.png
copying file ./LaunchImage-700-Portrait@2x~ipad.png ... 
126124 bytes for ./LaunchImage-700-Portrait@2x~ipad.png
2017-12-08 02:55:20 +0000  copying file ./LaunchImage-700-Portrait~ipad.png ... 
49719 bytes for ./LaunchImage-700-Portrait~ipad.png
copying file ./LaunchImage-700@2x.png ... 
45228 bytes for ./LaunchImage-700@2x.png
copying file ./LaunchImage-800-667h@2x.png ... 
2017-12-08 02:55:20 +0000  64742 bytes for ./LaunchImage-800-667h@2x.png
copying file ./LaunchImage-800-Landscape-736h@3x.png ... 
2017-12-08 02:55:20 +0000  125788 bytes for ./LaunchImage-800-Landscape-736h@3x.png
copying file ./LaunchImage-800-Portrait-736h@3x.png ... 
2017-12-08 02:55:20 +0000  138580 bytes for ./LaunchImage-800-Portrait-736h@3x.png
copying file ./LaunchImage-Landscape@2x~ipad.png ... 
2017-12-08 02:55:20 +0000  109829 bytes for ./LaunchImage-Landscape@2x~ipad.png
copying file ./LaunchImage-Landscape~ipad.png ... 
2017-12-08 02:55:20 +0000  42135 bytes for ./LaunchImage-Landscape~ipad.png
2017-12-08 02:55:20 +0000  copying file ./LaunchImage-Portrait@2x~ipad.png ... 
126124 bytes for ./LaunchImage-Portrait@2x~ipad.png
copying file ./LaunchImage-Portrait~ipad.png ... 
2017-12-08 02:55:20 +0000  49719 bytes for ./LaunchImage-Portrait~ipad.png
copying file ./LaunchImage.png ... 
20484 bytes for ./LaunchImage.png
copying file ./LaunchImage@2x.png ... 
45228 bytes for ./LaunchImage@2x.png
copying file ./MainViewController.nib ... 
943 bytes for ./MainViewController.nib
copying file ./Overlay.png ... 
2885 bytes for ./Overlay.png
copying file ./Overlay@2x.png ... 
7359 bytes for ./Overlay@2x.png
copying file ./PEPhotoCropEditor.bundle/en.lproj/Localizable.strings ... 
369 bytes for ./PEPhotoCropEditor.bundle/en.lproj/Localizable.strings
copying file ./PEPhotoCropEditor.bundle/ja.lproj/Localizable.strings ... 
391 bytes for ./PEPhotoCropEditor.bundle/ja.lproj/Localizable.strings
copying file ./PEPhotoCropEditor.bundle/PEPhotoCropEditorBorder.png ... 
2017-12-08 02:55:20 +0000  180 bytes for ./PEPhotoCropEditor.bundle/PEPhotoCropEditorBorder.png
copying file ./PEPhotoCropEditor.bundle/PEPhotoCropEditorBorder@2x.png ... 
2017-12-08 02:55:20 +0000  209 bytes for ./PEPhotoCropEditor.bundle/PEPhotoCropEditorBorder@2x.png
2017-12-08 02:55:20 +0000  copying file ./PkgInfo ... 
2017-12-08 02:55:20 +0000  8 bytes for ./PkgInfo
2017-12-08 02:55:20 +0000  copying file ./www/assets/bulletin.svg ... 
2017-12-08 02:55:20 +0000  2353 bytes for ./www/assets/bulletin.svg
copying file ./www/assets/credit-card.svg ... 
2017-12-08 02:55:20 +0000  4126 bytes for ./www/assets/credit-card.svg
2017-12-08 02:55:20 +0000  copying file ./www/assets/dart.jpg ... 
2017-12-08 02:55:20 +0000  187530 bytes for ./www/assets/dart.jpg
copying file ./www/assets/dart2.jpg ... 
2017-12-08 02:55:20 +0000  157039 bytes for ./www/assets/dart2.jpg
2017-12-08 02:55:20 +0000  copying file ./www/assets/fonts/ionicons.woff ... 
80356 bytes for ./www/assets/fonts/ionicons.woff
copying file ./www/assets/fonts/ionicons.woff2 ... 
2017-12-08 02:55:20 +0000  61020 bytes for ./www/assets/fonts/ionicons.woff2
2017-12-08 02:55:20 +0000  copying file ./www/assets/fonts/roboto-bold.woff ... 
13348 bytes for ./www/assets/fonts/roboto-bold.woff
copying file ./www/assets/fonts/roboto-bold.woff2 ... 
2017-12-08 02:55:20 +0000  10212 bytes for ./www/assets/fonts/roboto-bold.woff2
copying file ./www/assets/fonts/roboto-light.woff ... 
13360 bytes for ./www/assets/fonts/roboto-light.woff
copying file ./www/assets/fonts/roboto-light.woff2 ... 
2017-12-08 02:55:20 +0000  10220 bytes for ./www/assets/fonts/roboto-light.woff2
copying file ./www/assets/fonts/roboto-medium.woff ... 
2017-12-08 02:55:20 +0000  13248 bytes for ./www/assets/fonts/roboto-medium.woff
copying file ./www/assets/fonts/roboto-medium.woff2 ... 
2017-12-08 02:55:20 +0000  10192 bytes for ./www/assets/fonts/roboto-medium.woff2
copying file ./www/assets/fonts/roboto-regular.woff ... 
2017-12-08 02:55:20 +0000  13308 bytes for ./www/assets/fonts/roboto-regular.woff
2017-12-08 02:55:20 +0000  copying file ./www/assets/fonts/roboto-regular.woff2 ... 
10196 bytes for ./www/assets/fonts/roboto-regular.woff2
copying file ./www/assets/fonts/wangrd-icon.eot ... 
2017-12-08 02:55:20 +0000  3232 bytes for ./www/assets/fonts/wangrd-icon.eot
copying file ./www/assets/fonts/wangrd-icon.scss ... 
3071 bytes for ./www/assets/fonts/wangrd-icon.scss
copying file ./www/assets/fonts/wangrd-icon.ttf ... 
2017-12-08 02:55:20 +0000  3068 bytes for ./www/assets/fonts/wangrd-icon.ttf
copying file ./www/assets/fonts/wangrd-icon.woff ... 
2017-12-08 02:55:20 +0000  3144 bytes for ./www/assets/fonts/wangrd-icon.woff
copying file ./www/assets/game-data.svg ... 
986 bytes for ./www/assets/game-data.svg
copying file ./www/assets/history.svg ... 
1807 bytes for ./www/assets/history.svg
2017-12-08 02:55:20 +0000  copying file ./www/assets/i18n/en.json ... 
9275 bytes for ./www/assets/i18n/en.json
copying file ./www/assets/i18n/zh.json ... 
8787 bytes for ./www/assets/i18n/zh.json
2017-12-08 02:55:20 +0000  copying file ./www/assets/icon/favicon.ico ... 
1981 bytes for ./www/assets/icon/favicon.ico
copying file ./www/assets/img/about.png ... 
2017-12-08 02:55:20 +0000  24580 bytes for ./www/assets/img/about.png
copying file ./www/assets/img/alipay.png ... 
2017-12-08 02:55:20 +0000  24313 bytes for ./www/assets/img/alipay.png
copying file ./www/assets/img/card-amsterdam.png ... 
2017-12-08 02:55:20 +0000  132920 bytes for ./www/assets/img/card-amsterdam.png
copying file ./www/assets/img/card-madison.png ... 
2017-12-08 02:55:20 +0000  125777 bytes for ./www/assets/img/card-madison.png
copying file ./www/assets/img/card-saopaolo.png ... 
2017-12-08 02:55:20 +0000  128239 bytes for ./www/assets/img/card-saopaolo.png
copying file ./www/assets/img/card-sf.png ... 
2017-12-08 02:55:20 +0000  94237 bytes for ./www/assets/img/card-sf.png
copying file ./www/assets/img/dart3.jpg ... 
2017-12-08 02:55:20 +0000  227929 bytes for ./www/assets/img/dart3.jpg
copying file ./www/assets/img/img.png ... 
51743 bytes for ./www/assets/img/img.png
copying file ./www/assets/img/man.png ... 
2017-12-08 02:55:20 +0000  2301 bytes for ./www/assets/img/man.png
copying file ./www/assets/img/second.png ... 
11145 bytes for ./www/assets/img/second.png
copying file ./www/assets/img/sport.svg ... 
2017-12-08 02:55:20 +0000  1771 bytes for ./www/assets/img/sport.svg
copying file ./www/assets/img/trophy.png ... 
2017-12-08 02:55:20 +0000  14069 bytes for ./www/assets/img/trophy.png
copying file ./www/assets/img/wechat.png ... 
2017-12-08 02:55:20 +0000  20344 bytes for ./www/assets/img/wechat.png
2017-12-08 02:55:20 +0000  copying file ./www/assets/lib/color-thief.js ... 
2017-12-08 02:55:20 +0000  21759 bytes for ./www/assets/lib/color-thief.js
copying file ./www/assets/rank.svg ... 
4431 bytes for ./www/assets/rank.svg
copying file ./www/assets/recharge.svg ... 
2017-12-08 02:55:20 +0000  2072 bytes for ./www/assets/recharge.svg
2017-12-08 02:55:20 +0000  copying file ./www/build/0.js ... 
2017-12-08 02:55:20 +0000  3603 bytes for ./www/build/0.js
copying file ./www/build/1.js ... 
2017-12-08 02:55:20 +0000  8214 bytes for ./www/build/1.js
copying file ./www/build/10.js ... 
2017-12-08 02:55:20 +0000  7972 bytes for ./www/build/10.js
copying file ./www/build/11.js ... 
10706 bytes for ./www/build/11.js
copying file ./www/build/12.js ... 
2017-12-08 02:55:20 +0000  4139 bytes for ./www/build/12.js
copying file ./www/build/13.js ... 
8932 bytes for ./www/build/13.js
2017-12-08 02:55:20 +0000  copying file ./www/build/2.js ... 
5318 bytes for ./www/build/2.js
copying file ./www/build/3.js ... 
2017-12-08 02:55:20 +0000  11261 bytes for ./www/build/3.js
copying file ./www/build/4.js ... 
3432 bytes for ./www/build/4.js
copying file ./www/build/5.js ... 
2017-12-08 02:55:20 +0000  7560 bytes for ./www/build/5.js
copying file ./www/build/6.js ... 
2017-12-08 02:55:20 +0000  2888 bytes for ./www/build/6.js
copying file ./www/build/7.js ... 
8740 bytes for ./www/build/7.js
copying file ./www/build/8.js ... 
2017-12-08 02:55:20 +0000  9820 bytes for ./www/build/8.js
copying file ./www/build/9.js ... 
2017-12-08 02:55:20 +0000  8589 bytes for ./www/build/9.js
copying file ./www/build/main.css ... 
2017-12-08 02:55:20 +0000  691117 bytes for ./www/build/main.css
copying file ./www/build/main.js ... 
2017-12-08 02:55:20 +0000  388039 bytes for ./www/build/main.js
copying file ./www/build/polyfills.js ... 
2017-12-08 02:55:20 +0000  97180 bytes for ./www/build/polyfills.js
copying file ./www/build/sw-toolbox.js ... 
15793 bytes for ./www/build/sw-toolbox.js
copying file ./www/build/vendor.js ... 
2017-12-08 02:55:20 +0000  1216692 bytes for ./www/build/vendor.js
copying file ./www/cordova-js-src/exec.js ... 
8877 bytes for ./www/cordova-js-src/exec.js
copying file ./www/cordova-js-src/platform.js ... 
2017-12-08 02:55:20 +0000  1168 bytes for ./www/cordova-js-src/platform.js
copying file ./www/cordova-js-src/plugin/ios/console.js ... 
2017-12-08 02:55:20 +0000  6822 bytes for ./www/cordova-js-src/plugin/ios/console.js
copying file ./www/cordova-js-src/plugin/ios/logger.js ... 
10233 bytes for ./www/cordova-js-src/plugin/ios/logger.js
2017-12-08 02:55:20 +0000  copying file ./www/cordova.js ... 
2017-12-08 02:55:20 +0000  78044 bytes for ./www/cordova.js
copying file ./www/cordova_plugins.js ... 
11442 bytes for ./www/cordova_plugins.js
copying file ./www/index.html ... 
2017-12-08 02:55:20 +0000  1902 bytes for ./www/index.html
copying file ./www/manifest.json ... 
2017-12-08 02:55:20 +0000  269 bytes for ./www/manifest.json
2017-12-08 02:55:20 +0000  copying file ./www/plugins/com-sarriaroman-photoviewer/www/PhotoViewer.js ... 
395 bytes for ./www/plugins/com-sarriaroman-photoviewer/www/PhotoViewer.js
2017-12-08 02:55:20 +0000  copying file ./www/plugins/cordova-plugin-alipay-v2/www/alipay.js ... 
244 bytes for ./www/plugins/cordova-plugin-alipay-v2/www/alipay.js
2017-12-08 02:55:20 +0000  copying file ./www/plugins/cordova-plugin-app-version/www/AppVersionPlugin.js ... 
2276 bytes for ./www/plugins/cordova-plugin-app-version/www/AppVersionPlugin.js
2017-12-08 02:55:20 +0000  copying file ./www/plugins/cordova-plugin-badge/www/badge.js ... 
2017-12-08 02:55:20 +0000  7091 bytes for ./www/plugins/cordova-plugin-badge/www/badge.js
copying file ./www/plugins/cordova-plugin-camera/www/Camera.js ... 
2017-12-08 02:55:20 +0000  7994 bytes for ./www/plugins/cordova-plugin-camera/www/Camera.js
copying file ./www/plugins/cordova-plugin-camera/www/CameraConstants.js ... 
3488 bytes for ./www/plugins/cordova-plugin-camera/www/CameraConstants.js
copying file ./www/plugins/cordova-plugin-camera/www/CameraPopoverOptions.js ... 
2017-12-08 02:55:20 +0000  2296 bytes for ./www/plugins/cordova-plugin-camera/www/CameraPopoverOptions.js
copying file ./www/plugins/cordova-plugin-camera/www/ios/CameraPopoverHandle.js ... 
2271 bytes for ./www/plugins/cordova-plugin-camera/www/ios/CameraPopoverHandle.js
2017-12-08 02:55:20 +0000  copying file ./www/plugins/cordova-plugin-crop/www/crop.js ... 
2017-12-08 02:55:20 +0000  509 bytes for ./www/plugins/cordova-plugin-crop/www/crop.js
2017-12-08 02:55:20 +0000  copying file ./www/plugins/cordova-plugin-device/www/device.js ... 
2017-12-08 02:55:20 +0000  3070 bytes for ./www/plugins/cordova-plugin-device/www/device.js
2017-12-08 02:55:20 +0000  copying file ./www/plugins/cordova-plugin-file/www/browser/isChrome.js ... 
1232 bytes for ./www/plugins/cordova-plugin-file/www/browser/isChrome.js
copying file ./www/plugins/cordova-plugin-file/www/DirectoryEntry.js ... 
2017-12-08 02:55:20 +0000  4681 bytes for ./www/plugins/cordova-plugin-file/www/DirectoryEntry.js
2017-12-08 02:55:20 +0000  copying file ./www/plugins/cordova-plugin-file/www/DirectoryReader.js ... 
2017-12-08 02:55:20 +0000  2724 bytes for ./www/plugins/cordova-plugin-file/www/DirectoryReader.js
copying file ./www/plugins/cordova-plugin-file/www/Entry.js ... 
9869 bytes for ./www/plugins/cordova-plugin-file/www/Entry.js
copying file ./www/plugins/cordova-plugin-file/www/File.js ... 
2017-12-08 02:55:20 +0000  2714 bytes for ./www/plugins/cordova-plugin-file/www/File.js
copying file ./www/plugins/cordova-plugin-file/www/FileEntry.js ... 
2017-12-08 02:55:20 +0000  3423 bytes for ./www/plugins/cordova-plugin-file/www/FileEntry.js
copying file ./www/plugins/cordova-plugin-file/www/FileError.js ... 
2017-12-08 02:55:20 +0000  1483 bytes for ./www/plugins/cordova-plugin-file/www/FileError.js
copying file ./www/plugins/cordova-plugin-file/www/FileReader.js ... 
2017-12-08 02:55:20 +0000  10523 bytes for ./www/plugins/cordova-plugin-file/www/FileReader.js
copying file ./www/plugins/cordova-plugin-file/www/FileSystem.js ... 
2017-12-08 02:55:20 +0000  1960 bytes for ./www/plugins/cordova-plugin-file/www/FileSystem.js
copying file ./www/plugins/cordova-plugin-file/www/fileSystemPaths.js ... 
2017-12-08 02:55:20 +0000  2548 bytes for ./www/plugins/cordova-plugin-file/www/fileSystemPaths.js
copying file ./www/plugins/cordova-plugin-file/www/fileSystems-roots.js ... 
2017-12-08 02:55:20 +0000  1598 bytes for ./www/plugins/cordova-plugin-file/www/fileSystems-roots.js
copying file ./www/plugins/cordova-plugin-file/www/fileSystems.js ... 
1047 bytes for ./www/plugins/cordova-plugin-file/www/fileSystems.js
copying file ./www/plugins/cordova-plugin-file/www/FileUploadOptions.js ... 
1831 bytes for ./www/plugins/cordova-plugin-file/www/FileUploadOptions.js
copying file ./www/plugins/cordova-plugin-file/www/FileUploadResult.js ... 
2017-12-08 02:55:20 +0000  1111 bytes for ./www/plugins/cordova-plugin-file/www/FileUploadResult.js
copying file ./www/plugins/cordova-plugin-file/www/FileWriter.js ... 
10544 bytes for ./www/plugins/cordova-plugin-file/www/FileWriter.js
copying file ./www/plugins/cordova-plugin-file/www/Flags.js ... 
2017-12-08 02:55:20 +0000  1336 bytes for ./www/plugins/cordova-plugin-file/www/Flags.js
2017-12-08 02:55:20 +0000  copying file ./www/plugins/cordova-plugin-file/www/ios/FileSystem.js ... 
2017-12-08 02:55:20 +0000  1222 bytes for ./www/plugins/cordova-plugin-file/www/ios/FileSystem.js
copying file ./www/plugins/cordova-plugin-file/www/LocalFileSystem.js ... 
2017-12-08 02:55:20 +0000  957 bytes for ./www/plugins/cordova-plugin-file/www/LocalFileSystem.js
2017-12-08 02:55:20 +0000  copying file ./www/plugins/cordova-plugin-file/www/Metadata.js ... 
1488 bytes for ./www/plugins/cordova-plugin-file/www/Metadata.js
copying file ./www/plugins/cordova-plugin-file/www/ProgressEvent.js ... 
2017-12-08 02:55:20 +0000  2544 bytes for ./www/plugins/cordova-plugin-file/www/ProgressEvent.js
copying file ./www/plugins/cordova-plugin-file/www/requestFileSystem.js ... 
3244 bytes for ./www/plugins/cordova-plugin-file/www/requestFileSystem.js
2017-12-08 02:55:20 +0000  copying file ./www/plugins/cordova-plugin-file/www/resolveLocalFileSystemURI.js ... 
4325 bytes for ./www/plugins/cordova-plugin-file/www/resolveLocalFileSystemURI.js
copying file ./www/plugins/cordova-plugin-file-opener2/www/plugins.FileOpener2.js ... 
2017-12-08 02:55:20 +0000  2418 bytes for ./www/plugins/cordova-plugin-file-opener2/www/plugins.FileOpener2.js
2017-12-08 02:55:20 +0000  copying file ./www/plugins/cordova-plugin-file-transfer/www/FileTransfer.js ... 
2017-12-08 02:55:20 +0000  8568 bytes for ./www/plugins/cordova-plugin-file-transfer/www/FileTransfer.js
copying file ./www/plugins/cordova-plugin-file-transfer/www/FileTransferError.js ... 
2017-12-08 02:55:20 +0000  1488 bytes for ./www/plugins/cordova-plugin-file-transfer/www/FileTransferError.js
copying file ./www/plugins/cordova-plugin-geolocation/www/Coordinates.js ... 
2017-12-08 02:55:20 +0000  2076 bytes for ./www/plugins/cordova-plugin-geolocation/www/Coordinates.js
copying file ./www/plugins/cordova-plugin-geolocation/www/geolocation.js ... 
2017-12-08 02:55:20 +0000  8660 bytes for ./www/plugins/cordova-plugin-geolocation/www/geolocation.js
copying file ./www/plugins/cordova-plugin-geolocation/www/Position.js ... 
2017-12-08 02:55:20 +0000  1359 bytes for ./www/plugins/cordova-plugin-geolocation/www/Position.js
copying file ./www/plugins/cordova-plugin-geolocation/www/PositionError.js ... 
2017-12-08 02:55:20 +0000  1377 bytes for ./www/plugins/cordova-plugin-geolocation/www/PositionError.js
2017-12-08 02:55:20 +0000  copying file ./www/plugins/cordova-plugin-image-picker/www/imagepicker.js ... 
2017-12-08 02:55:20 +0000  1294 bytes for ./www/plugins/cordova-plugin-image-picker/www/imagepicker.js
2017-12-08 02:55:20 +0000  copying file ./www/plugins/cordova-plugin-local-notification/www/local-notification-core.js ... 
2017-12-08 02:55:20 +0000  11366 bytes for ./www/plugins/cordova-plugin-local-notification/www/local-notification-core.js
copying file ./www/plugins/cordova-plugin-local-notification/www/local-notification-util.js ... 
2017-12-08 02:55:20 +0000  11135 bytes for ./www/plugins/cordova-plugin-local-notification/www/local-notification-util.js
copying file ./www/plugins/cordova-plugin-local-notification/www/local-notification.js ... 
9205 bytes for ./www/plugins/cordova-plugin-local-notification/www/local-notification.js
2017-12-08 02:55:20 +0000  copying file ./www/plugins/cordova-plugin-splashscreen/www/splashscreen.js ... 
2017-12-08 02:55:20 +0000  1173 bytes for ./www/plugins/cordova-plugin-splashscreen/www/splashscreen.js
2017-12-08 02:55:20 +0000  copying file ./www/plugins/cordova-plugin-statusbar/www/statusbar.js ... 
2017-12-08 02:55:20 +0000  3376 bytes for ./www/plugins/cordova-plugin-statusbar/www/statusbar.js
2017-12-08 02:55:20 +0000  copying file ./www/plugins/cordova-plugin-wechat/www/wechat.js ... 
2017-12-08 02:55:20 +0000  5186 bytes for ./www/plugins/cordova-plugin-wechat/www/wechat.js
copying file ./www/plugins/info.protonet.imageresizer/www/image_resizer.js ... 
400 bytes for ./www/plugins/info.protonet.imageresizer/www/image_resizer.js
2017-12-08 02:55:20 +0000  copying file ./www/plugins/ionic-plugin-keyboard/www/ios/keyboard.js ... 
2017-12-08 02:55:20 +0000  1108 bytes for ./www/plugins/ionic-plugin-keyboard/www/ios/keyboard.js
copying file ./www/service-worker.js ... 
2017-12-08 02:55:20 +0000  737 bytes for ./www/service-worker.js
2017-12-08 02:55:20 +0000  /usr/bin/ditto exited with 0
2017-12-08 02:55:20 +0000  Processing step: IDEDistributionEmbedProfileStep
2017-12-08 02:55:20 +0000  Processing step: IDEDistributionAppThinningPlistStep
2017-12-08 02:55:20 +0000  Skipping step: IDEDistributionAppThinningPlistStep because it said so
2017-12-08 02:55:20 +0000  Processing step: IDEDistributionCompileBitcodeStep
2017-12-08 02:55:20 +0000  Skipping step: IDEDistributionCompileBitcodeStep because it said so
2017-12-08 02:55:20 +0000  Processing step: IDEDistributionCodeSlimmingStep
2017-12-08 02:55:20 +0000  Processing step: IDEDistributionCopyBCSymbolMapsStep
2017-12-08 02:55:20 +0000  Skipping step: IDEDistributionCopyBCSymbolMapsStep because it said so
2017-12-08 02:55:20 +0000  Processing step: IDEDistributionSymbolsStep
2017-12-08 02:55:20 +0000  Skipping step: IDEDistributionSymbolsStep because it said so
2017-12-08 02:55:20 +0000  Processing step: IDEDistributionAppThinningStep
2017-12-08 02:55:20 +0000  Skipping step: IDEDistributionAppThinningStep because it said so
2017-12-08 02:55:20 +0000  Processing step: IDEDistributionODRStep
2017-12-08 02:55:20 +0000  Processing step: IDEDistributionStripXattrsStep
2017-12-08 02:55:20 +0000  Running /usr/bin/xattr '-crs' '/var/folders/h8/jlmqf_7n2gb8td7p7vdv6hb00000gn/T/XcodeDistPipeline.zIn/Root/Payload/ADarts.app'
2017-12-08 02:55:21 +0000  /usr/bin/xattr exited with 0
2017-12-08 02:55:21 +0000  Processing step: IDEDistributionCodesignStep
2017-12-08 02:55:21 +0000  Applying entitlements delta for <IDEDistributionItem: 0x7f89855175f0 'com.cloudtopo.ADarts.member.demo' '<DVTFilePath:0x7f89862be120:'/Users/zhongshu/Library/Developer/Xcode/Archives/2017-12-08/ADarts 08-12-2017, 10.51 AM.xcarchive/Products/Applications/ADarts.app'>'> from <IDEiCloudEntitlementsProcessor: 0x7f897f9b8e30>: {
}
2017-12-08 02:55:21 +0000  Entitlements for <IDEDistributionItem: 0x7f89855175f0 'com.cloudtopo.ADarts.member.demo' '<DVTFilePath:0x7f89862be120:'/Users/zhongshu/Library/Developer/Xcode/Archives/2017-12-08/ADarts 08-12-2017, 10.51 AM.xcarchive/Products/Applications/ADarts.app'>'>: {
    "application-identifier" = "PGXCZWP75B.com.cloudtopo.ADarts.member.demo";
    "com.apple.developer.team-identifier" = PGXCZWP75B;
    "get-task-allow" = 0;
}
2017-12-08 02:55:21 +0000  Writing entitlements for <IDEDistributionItem: 0x7f89855175f0 'com.cloudtopo.ADarts.member.demo' '<DVTFilePath:0x7f89862be120:'/Users/zhongshu/Library/Developer/Xcode/Archives/2017-12-08/ADarts 08-12-2017, 10.51 AM.xcarchive/Products/Applications/ADarts.app'>'> to: /var/folders/h8/jlmqf_7n2gb8td7p7vdv6hb00000gn/T/XcodeDistPipeline.zIn/entitlementsXlgR5A
2017-12-08 02:55:21 +0000  Running /usr/bin/codesign '-vvv' '--force' '--sign' 'A866EEE044522A94F896C3D8B6FD5D4130B5C399' '--preserve-metadata=identifier,flags' '--entitlements' '/var/folders/h8/jlmqf_7n2gb8td7p7vdv6hb00000gn/T/XcodeDistPipeline.zIn/entitlementsXlgR5A' '/var/folders/h8/jlmqf_7n2gb8td7p7vdv6hb00000gn/T/XcodeDistPipeline.zIn/Root/Payload/ADarts.app'
2017-12-08 02:55:21 +0000  /var/folders/h8/jlmqf_7n2gb8td7p7vdv6hb00000gn/T/XcodeDistPipeline.zIn/Root/Payload/ADarts.app: replacing existing signature
2017-12-08 02:55:26 +0000  /var/folders/h8/jlmqf_7n2gb8td7p7vdv6hb00000gn/T/XcodeDistPipeline.zIn/Root/Payload/ADarts.app: signed app bundle with Mach-O universal (armv7 arm64) [com.cloudtopo.ADarts.member.demo]
2017-12-08 02:55:26 +0000  
2017-12-08 02:55:26 +0000  /usr/bin/codesign exited with 0
2017-12-08 02:55:26 +0000  Processing step: IDEDistributionStreamingZipItemStep
2017-12-08 02:55:26 +0000  Skipping step: IDEDistributionStreamingZipItemStep because it said so
2017-12-08 02:55:26 +0000  Processing step: IDEDistributionCreateIPAStep
2017-12-08 02:55:26 +0000  Running /usr/bin/ditto '-V' '-c' '-k' '--norsrc' '/var/folders/h8/jlmqf_7n2gb8td7p7vdv6hb00000gn/T/XcodeDistPipeline.zIn/Root' '/var/folders/h8/jlmqf_7n2gb8td7p7vdv6hb00000gn/T/XcodeDistPipeline.zIn/Packages/ADarts.ipa'
2017-12-08 02:55:26 +0000  >>> Copying /var/folders/h8/jlmqf_7n2gb8td7p7vdv6hb00000gn/T/XcodeDistPipeline.zIn/Root 
2017-12-08 02:55:26 +0000  
2017-12-08 02:55:26 +0000  copying file ./Payload/ADarts.app/_CodeSignature/CodeResources ... 
2017-12-08 02:55:26 +0000  59753 bytes for ./Payload/ADarts.app/_CodeSignature/CodeResources
2017-12-08 02:55:26 +0000  copying file ./Payload/ADarts.app/ADarts ... 
2017-12-08 02:55:26 +0000  2936256 bytes for ./Payload/ADarts.app/ADarts
2017-12-08 02:55:26 +0000  copying file ./Payload/ADarts.app/AlipaySDK.bundle/bar@2x.png ... 
1011 bytes for ./Payload/ADarts.app/AlipaySDK.bundle/bar@2x.png
copying file ./Payload/ADarts.app/AlipaySDK.bundle/refresh@2x.png ... 
2017-12-08 02:55:26 +0000  605 bytes for ./Payload/ADarts.app/AlipaySDK.bundle/refresh@2x.png
copying file ./Payload/ADarts.app/AlipaySDK.bundle/refresh_click@2x.png ... 
2017-12-08 02:55:26 +0000  1824 bytes for ./Payload/ADarts.app/AlipaySDK.bundle/refresh_click@2x.png
copying file ./Payload/ADarts.app/AlipaySDK.bundle/shutdown@2x.png ... 
222 bytes for ./Payload/ADarts.app/AlipaySDK.bundle/shutdown@2x.png
copying file ./Payload/ADarts.app/AlipaySDK.bundle/shutdown_click@2x.png ... 
2017-12-08 02:55:26 +0000  1319 bytes for ./Payload/ADarts.app/AlipaySDK.bundle/shutdown_click@2x.png
copying file ./Payload/ADarts.app/AppIcon20x20@2x.png ... 
2017-12-08 02:55:26 +0000  3739 bytes for ./Payload/ADarts.app/AppIcon20x20@2x.png
copying file ./Payload/ADarts.app/AppIcon20x20@2x~ipad.png ... 
2017-12-08 02:55:26 +0000  3739 bytes for ./Payload/ADarts.app/AppIcon20x20@2x~ipad.png
copying file ./Payload/ADarts.app/AppIcon20x20@3x.png ... 
2017-12-08 02:55:26 +0000  5839 bytes for ./Payload/ADarts.app/AppIcon20x20@3x.png
copying file ./Payload/ADarts.app/AppIcon29x29.png ... 
2017-12-08 02:55:26 +0000  2565 bytes for ./Payload/ADarts.app/AppIcon29x29.png
copying file ./Payload/ADarts.app/AppIcon29x29@2x.png ... 
2017-12-08 02:55:26 +0000  5620 bytes for ./Payload/ADarts.app/AppIcon29x29@2x.png
copying file ./Payload/ADarts.app/AppIcon29x29@2x~ipad.png ... 
2017-12-08 02:55:26 +0000  5620 bytes for ./Payload/ADarts.app/AppIcon29x29@2x~ipad.png
copying file ./Payload/ADarts.app/AppIcon29x29@3x.png ... 
2017-12-08 02:55:26 +0000  9129 bytes for ./Payload/ADarts.app/AppIcon29x29@3x.png
copying file ./Payload/ADarts.app/AppIcon29x29~ipad.png ... 
2017-12-08 02:55:26 +0000  2565 bytes for ./Payload/ADarts.app/AppIcon29x29~ipad.png
copying file ./Payload/ADarts.app/AppIcon40x40@2x.png ... 
2017-12-08 02:55:26 +0000  8270 bytes for ./Payload/ADarts.app/AppIcon40x40@2x.png
copying file ./Payload/ADarts.app/AppIcon40x40@2x~ipad.png ... 
2017-12-08 02:55:26 +0000  8270 bytes for ./Payload/ADarts.app/AppIcon40x40@2x~ipad.png
copying file ./Payload/ADarts.app/AppIcon40x40@3x.png ... 
2017-12-08 02:55:26 +0000  12688 bytes for ./Payload/ADarts.app/AppIcon40x40@3x.png
copying file ./Payload/ADarts.app/AppIcon40x40~ipad.png ... 
2017-12-08 02:55:26 +0000  3739 bytes for ./Payload/ADarts.app/AppIcon40x40~ipad.png
copying file ./Payload/ADarts.app/AppIcon50x50@2x~ipad.png ... 
2017-12-08 02:55:26 +0000  10443 bytes for ./Payload/ADarts.app/AppIcon50x50@2x~ipad.png
copying file ./Payload/ADarts.app/AppIcon50x50~ipad.png ... 
2017-12-08 02:55:26 +0000  4820 bytes for ./Payload/ADarts.app/AppIcon50x50~ipad.png
copying file ./Payload/ADarts.app/AppIcon57x57.png ... 
2017-12-08 02:55:26 +0000  5567 bytes for ./Payload/ADarts.app/AppIcon57x57.png
copying file ./Payload/ADarts.app/AppIcon57x57@2x.png ... 
2017-12-08 02:55:26 +0000  12050 bytes for ./Payload/ADarts.app/AppIcon57x57@2x.png
copying file ./Payload/ADarts.app/AppIcon60x60@2x.png ... 
2017-12-08 02:55:26 +0000  12688 bytes for ./Payload/ADarts.app/AppIcon60x60@2x.png
copying file ./Payload/ADarts.app/AppIcon60x60@3x.png ... 
2017-12-08 02:55:26 +0000  20178 bytes for ./Payload/ADarts.app/AppIcon60x60@3x.png
copying file ./Payload/ADarts.app/AppIcon72x72@2x~ipad.png ... 
2017-12-08 02:55:26 +0000  15592 bytes for ./Payload/ADarts.app/AppIcon72x72@2x~ipad.png
copying file ./Payload/ADarts.app/AppIcon72x72~ipad.png ... 
7390 bytes for ./Payload/ADarts.app/AppIcon72x72~ipad.png
copying file ./Payload/ADarts.app/AppIcon76x76@2x~ipad.png ... 
2017-12-08 02:55:26 +0000  16543 bytes for ./Payload/ADarts.app/AppIcon76x76@2x~ipad.png
2017-12-08 02:55:26 +0000  copying file ./Payload/ADarts.app/AppIcon76x76~ipad.png ... 
2017-12-08 02:55:26 +0000  7820 bytes for ./Payload/ADarts.app/AppIcon76x76~ipad.png
copying file ./Payload/ADarts.app/AppIcon83.5x83.5@2x~ipad.png ... 
2017-12-08 02:55:26 +0000  18534 bytes for ./Payload/ADarts.app/AppIcon83.5x83.5@2x~ipad.png
copying file ./Payload/ADarts.app/archived-expanded-entitlements.xcent ... 
181 bytes for ./Payload/ADarts.app/archived-expanded-entitlements.xcent
copying file ./Payload/ADarts.app/Assets.car ... 
2017-12-08 02:55:26 +0000  433224 bytes for ./Payload/ADarts.app/Assets.car
2017-12-08 02:55:26 +0000  copying file ./Payload/ADarts.app/CDVLaunchScreen.storyboardc/01J-lp-oVM-view-Ze5-6b-2t3.nib ... 
2285 bytes for ./Payload/ADarts.app/CDVLaunchScreen.storyboardc/01J-lp-oVM-view-Ze5-6b-2t3.nib
copying file ./Payload/ADarts.app/CDVLaunchScreen.storyboardc/Info.plist ... 
2017-12-08 02:55:26 +0000  258 bytes for ./Payload/ADarts.app/CDVLaunchScreen.storyboardc/Info.plist
copying file ./Payload/ADarts.app/CDVLaunchScreen.storyboardc/UIViewController-01J-lp-oVM.nib ... 
2017-12-08 02:55:26 +0000  832 bytes for ./Payload/ADarts.app/CDVLaunchScreen.storyboardc/UIViewController-01J-lp-oVM.nib
copying file ./Payload/ADarts.app/config.xml ... 
8014 bytes for ./Payload/ADarts.app/config.xml
copying file ./Payload/ADarts.app/ELCAlbumPickerController.nib ... 
2017-12-08 02:55:26 +0000  1489 bytes for ./Payload/ADarts.app/ELCAlbumPickerController.nib
copying file ./Payload/ADarts.app/ELCAssetPicker.nib ... 
1234 bytes for ./Payload/ADarts.app/ELCAssetPicker.nib
copying file ./Payload/ADarts.app/ELCAssetTablePicker.nib ... 
1510 bytes for ./Payload/ADarts.app/ELCAssetTablePicker.nib
copying file ./Payload/ADarts.app/embedded.mobileprovision ... 
7797 bytes for ./Payload/ADarts.app/embedded.mobileprovision
copying file ./Payload/ADarts.app/Info.plist ... 
2017-12-08 02:55:26 +0000  2467 bytes for ./Payload/ADarts.app/Info.plist
copying file ./Payload/ADarts.app/LaunchImage-568h@2x.png ... 
2017-12-08 02:55:26 +0000  54194 bytes for ./Payload/ADarts.app/LaunchImage-568h@2x.png
copying file ./Payload/ADarts.app/LaunchImage-700-568h@2x.png ... 
2017-12-08 02:55:26 +0000  54194 bytes for ./Payload/ADarts.app/LaunchImage-700-568h@2x.png
copying file ./Payload/ADarts.app/LaunchImage-700-Landscape@2x~ipad.png ... 
2017-12-08 02:55:26 +0000  109829 bytes for ./Payload/ADarts.app/LaunchImage-700-Landscape@2x~ipad.png
copying file ./Payload/ADarts.app/LaunchImage-700-Landscape~ipad.png ... 
2017-12-08 02:55:26 +0000  42135 bytes for ./Payload/ADarts.app/LaunchImage-700-Landscape~ipad.png
copying file ./Payload/ADarts.app/LaunchImage-700-Portrait@2x~ipad.png ... 
2017-12-08 02:55:26 +0000  126124 bytes for ./Payload/ADarts.app/LaunchImage-700-Portrait@2x~ipad.png
copying file ./Payload/ADarts.app/LaunchImage-700-Portrait~ipad.png ... 
2017-12-08 02:55:26 +0000  49719 bytes for ./Payload/ADarts.app/LaunchImage-700-Portrait~ipad.png
copying file ./Payload/ADarts.app/LaunchImage-700@2x.png ... 
2017-12-08 02:55:26 +0000  45228 bytes for ./Payload/ADarts.app/LaunchImage-700@2x.png
copying file ./Payload/ADarts.app/LaunchImage-800-667h@2x.png ... 
2017-12-08 02:55:26 +0000  64742 bytes for ./Payload/ADarts.app/LaunchImage-800-667h@2x.png
copying file ./Payload/ADarts.app/LaunchImage-800-Landscape-736h@3x.png ... 
2017-12-08 02:55:26 +0000  125788 bytes for ./Payload/ADarts.app/LaunchImage-800-Landscape-736h@3x.png
copying file ./Payload/ADarts.app/LaunchImage-800-Portrait-736h@3x.png ... 
2017-12-08 02:55:26 +0000  138580 bytes for ./Payload/ADarts.app/LaunchImage-800-Portrait-736h@3x.png
copying file ./Payload/ADarts.app/LaunchImage-Landscape@2x~ipad.png ... 
2017-12-08 02:55:26 +0000  109829 bytes for ./Payload/ADarts.app/LaunchImage-Landscape@2x~ipad.png
copying file ./Payload/ADarts.app/LaunchImage-Landscape~ipad.png ... 
2017-12-08 02:55:26 +0000  42135 bytes for ./Payload/ADarts.app/LaunchImage-Landscape~ipad.png
2017-12-08 02:55:26 +0000  copying file ./Payload/ADarts.app/LaunchImage-Portrait@2x~ipad.png ... 
2017-12-08 02:55:26 +0000  126124 bytes for ./Payload/ADarts.app/LaunchImage-Portrait@2x~ipad.png
copying file ./Payload/ADarts.app/LaunchImage-Portrait~ipad.png ... 
2017-12-08 02:55:26 +0000  49719 bytes for ./Payload/ADarts.app/LaunchImage-Portrait~ipad.png
copying file ./Payload/ADarts.app/LaunchImage.png ... 
2017-12-08 02:55:26 +0000  20484 bytes for ./Payload/ADarts.app/LaunchImage.png
copying file ./Payload/ADarts.app/LaunchImage@2x.png ... 
2017-12-08 02:55:26 +0000  45228 bytes for ./Payload/ADarts.app/LaunchImage@2x.png
copying file ./Payload/ADarts.app/MainViewController.nib ... 
2017-12-08 02:55:26 +0000  943 bytes for ./Payload/ADarts.app/MainViewController.nib
copying file ./Payload/ADarts.app/Overlay.png ... 
2885 bytes for ./Payload/ADarts.app/Overlay.png
copying file ./Payload/ADarts.app/Overlay@2x.png ... 
7359 bytes for ./Payload/ADarts.app/Overlay@2x.png
2017-12-08 02:55:26 +0000  copying file ./Payload/ADarts.app/PEPhotoCropEditor.bundle/en.lproj/Localizable.strings ... 
2017-12-08 02:55:26 +0000  369 bytes for ./Payload/ADarts.app/PEPhotoCropEditor.bundle/en.lproj/Localizable.strings
copying file ./Payload/ADarts.app/PEPhotoCropEditor.bundle/ja.lproj/Localizable.strings ... 
2017-12-08 02:55:26 +0000  391 bytes for ./Payload/ADarts.app/PEPhotoCropEditor.bundle/ja.lproj/Localizable.strings
copying file ./Payload/ADarts.app/PEPhotoCropEditor.bundle/PEPhotoCropEditorBorder.png ... 
180 bytes for ./Payload/ADarts.app/PEPhotoCropEditor.bundle/PEPhotoCropEditorBorder.png
copying file ./Payload/ADarts.app/PEPhotoCropEditor.bundle/PEPhotoCropEditorBorder@2x.png ... 
2017-12-08 02:55:26 +0000  209 bytes for ./Payload/ADarts.app/PEPhotoCropEditor.bundle/PEPhotoCropEditorBorder@2x.png
copying file ./Payload/ADarts.app/PkgInfo ... 
8 bytes for ./Payload/ADarts.app/PkgInfo
copying file ./Payload/ADarts.app/www/assets/bulletin.svg ... 
2353 bytes for ./Payload/ADarts.app/www/assets/bulletin.svg
copying file ./Payload/ADarts.app/www/assets/credit-card.svg ... 
4126 bytes for ./Payload/ADarts.app/www/assets/credit-card.svg
copying file ./Payload/ADarts.app/www/assets/dart.jpg ... 
2017-12-08 02:55:26 +0000  187530 bytes for ./Payload/ADarts.app/www/assets/dart.jpg
2017-12-08 02:55:26 +0000  copying file ./Payload/ADarts.app/www/assets/dart2.jpg ... 
2017-12-08 02:55:26 +0000  157039 bytes for ./Payload/ADarts.app/www/assets/dart2.jpg
2017-12-08 02:55:26 +0000  copying file ./Payload/ADarts.app/www/assets/fonts/ionicons.woff ... 
2017-12-08 02:55:26 +0000  80356 bytes for ./Payload/ADarts.app/www/assets/fonts/ionicons.woff
copying file ./Payload/ADarts.app/www/assets/fonts/ionicons.woff2 ... 
2017-12-08 02:55:26 +0000  61020 bytes for ./Payload/ADarts.app/www/assets/fonts/ionicons.woff2
copying file ./Payload/ADarts.app/www/assets/fonts/roboto-bold.woff ... 
2017-12-08 02:55:26 +0000  13348 bytes for ./Payload/ADarts.app/www/assets/fonts/roboto-bold.woff
copying file ./Payload/ADarts.app/www/assets/fonts/roboto-bold.woff2 ... 
2017-12-08 02:55:26 +0000  10212 bytes for ./Payload/ADarts.app/www/assets/fonts/roboto-bold.woff2
copying file ./Payload/ADarts.app/www/assets/fonts/roboto-light.woff ... 
2017-12-08 02:55:26 +0000  13360 bytes for ./Payload/ADarts.app/www/assets/fonts/roboto-light.woff
copying file ./Payload/ADarts.app/www/assets/fonts/roboto-light.woff2 ... 
2017-12-08 02:55:26 +0000  10220 bytes for ./Payload/ADarts.app/www/assets/fonts/roboto-light.woff2
copying file ./Payload/ADarts.app/www/assets/fonts/roboto-medium.woff ... 
2017-12-08 02:55:26 +0000  13248 bytes for ./Payload/ADarts.app/www/assets/fonts/roboto-medium.woff
copying file ./Payload/ADarts.app/www/assets/fonts/roboto-medium.woff2 ... 
2017-12-08 02:55:26 +0000  10192 bytes for ./Payload/ADarts.app/www/assets/fonts/roboto-medium.woff2
copying file ./Payload/ADarts.app/www/assets/fonts/roboto-regular.woff ... 
2017-12-08 02:55:26 +0000  13308 bytes for ./Payload/ADarts.app/www/assets/fonts/roboto-regular.woff
copying file ./Payload/ADarts.app/www/assets/fonts/roboto-regular.woff2 ... 
2017-12-08 02:55:26 +0000  10196 bytes for ./Payload/ADarts.app/www/assets/fonts/roboto-regular.woff2
copying file ./Payload/ADarts.app/www/assets/fonts/wangrd-icon.eot ... 
3232 bytes for ./Payload/ADarts.app/www/assets/fonts/wangrd-icon.eot
copying file ./Payload/ADarts.app/www/assets/fonts/wangrd-icon.scss ... 
3071 bytes for ./Payload/ADarts.app/www/assets/fonts/wangrd-icon.scss
copying file ./Payload/ADarts.app/www/assets/fonts/wangrd-icon.ttf ... 
2017-12-08 02:55:26 +0000  3068 bytes for ./Payload/ADarts.app/www/assets/fonts/wangrd-icon.ttf
copying file ./Payload/ADarts.app/www/assets/fonts/wangrd-icon.woff ... 
3144 bytes for ./Payload/ADarts.app/www/assets/fonts/wangrd-icon.woff
copying file ./Payload/ADarts.app/www/assets/game-data.svg ... 
986 bytes for ./Payload/ADarts.app/www/assets/game-data.svg
copying file ./Payload/ADarts.app/www/assets/history.svg ... 
2017-12-08 02:55:26 +0000  1807 bytes for ./Payload/ADarts.app/www/assets/history.svg
copying file ./Payload/ADarts.app/www/assets/i18n/en.json ... 
2017-12-08 02:55:26 +0000  9275 bytes for ./Payload/ADarts.app/www/assets/i18n/en.json
copying file ./Payload/ADarts.app/www/assets/i18n/zh.json ... 
2017-12-08 02:55:26 +0000  8787 bytes for ./Payload/ADarts.app/www/assets/i18n/zh.json
2017-12-08 02:55:26 +0000  copying file ./Payload/ADarts.app/www/assets/icon/favicon.ico ... 
2017-12-08 02:55:26 +0000  1981 bytes for ./Payload/ADarts.app/www/assets/icon/favicon.ico
2017-12-08 02:55:26 +0000  copying file ./Payload/ADarts.app/www/assets/img/about.png ... 
2017-12-08 02:55:26 +0000  24580 bytes for ./Payload/ADarts.app/www/assets/img/about.png
copying file ./Payload/ADarts.app/www/assets/img/alipay.png ... 
2017-12-08 02:55:26 +0000  24313 bytes for ./Payload/ADarts.app/www/assets/img/alipay.png
copying file ./Payload/ADarts.app/www/assets/img/card-amsterdam.png ... 
2017-12-08 02:55:26 +0000  132920 bytes for ./Payload/ADarts.app/www/assets/img/card-amsterdam.png
copying file ./Payload/ADarts.app/www/assets/img/card-madison.png ... 
2017-12-08 02:55:26 +0000  125777 bytes for ./Payload/ADarts.app/www/assets/img/card-madison.png
copying file ./Payload/ADarts.app/www/assets/img/card-saopaolo.png ... 
2017-12-08 02:55:26 +0000  128239 bytes for ./Payload/ADarts.app/www/assets/img/card-saopaolo.png
copying file ./Payload/ADarts.app/www/assets/img/card-sf.png ... 
2017-12-08 02:55:26 +0000  94237 bytes for ./Payload/ADarts.app/www/assets/img/card-sf.png
2017-12-08 02:55:26 +0000  copying file ./Payload/ADarts.app/www/assets/img/dart3.jpg ... 
2017-12-08 02:55:26 +0000  227929 bytes for ./Payload/ADarts.app/www/assets/img/dart3.jpg
copying file ./Payload/ADarts.app/www/assets/img/img.png ... 
2017-12-08 02:55:26 +0000  51743 bytes for ./Payload/ADarts.app/www/assets/img/img.png
copying file ./Payload/ADarts.app/www/assets/img/man.png ... 
2301 bytes for ./Payload/ADarts.app/www/assets/img/man.png
copying file ./Payload/ADarts.app/www/assets/img/second.png ... 
2017-12-08 02:55:26 +0000  11145 bytes for ./Payload/ADarts.app/www/assets/img/second.png
copying file ./Payload/ADarts.app/www/assets/img/sport.svg ... 
2017-12-08 02:55:26 +0000  1771 bytes for ./Payload/ADarts.app/www/assets/img/sport.svg
copying file ./Payload/ADarts.app/www/assets/img/trophy.png ... 
2017-12-08 02:55:26 +0000  14069 bytes for ./Payload/ADarts.app/www/assets/img/trophy.png
copying file ./Payload/ADarts.app/www/assets/img/wechat.png ... 
2017-12-08 02:55:26 +0000  20344 bytes for ./Payload/ADarts.app/www/assets/img/wechat.png
copying file ./Payload/ADarts.app/www/assets/lib/color-thief.js ... 
21759 bytes for ./Payload/ADarts.app/www/assets/lib/color-thief.js
2017-12-08 02:55:26 +0000  copying file ./Payload/ADarts.app/www/assets/rank.svg ... 
4431 bytes for ./Payload/ADarts.app/www/assets/rank.svg
copying file ./Payload/ADarts.app/www/assets/recharge.svg ... 
2072 bytes for ./Payload/ADarts.app/www/assets/recharge.svg
2017-12-08 02:55:26 +0000  copying file ./Payload/ADarts.app/www/build/0.js ... 
2017-12-08 02:55:26 +0000  3603 bytes for ./Payload/ADarts.app/www/build/0.js
copying file ./Payload/ADarts.app/www/build/1.js ... 
8214 bytes for ./Payload/ADarts.app/www/build/1.js
copying file ./Payload/ADarts.app/www/build/10.js ... 
7972 bytes for ./Payload/ADarts.app/www/build/10.js
copying file ./Payload/ADarts.app/www/build/11.js ... 
2017-12-08 02:55:26 +0000  10706 bytes for ./Payload/ADarts.app/www/build/11.js
copying file ./Payload/ADarts.app/www/build/12.js ... 
2017-12-08 02:55:26 +0000  4139 bytes for ./Payload/ADarts.app/www/build/12.js
copying file ./Payload/ADarts.app/www/build/13.js ... 
2017-12-08 02:55:26 +0000  8932 bytes for ./Payload/ADarts.app/www/build/13.js
copying file ./Payload/ADarts.app/www/build/2.js ... 
5318 bytes for ./Payload/ADarts.app/www/build/2.js
copying file ./Payload/ADarts.app/www/build/3.js ... 
11261 bytes for ./Payload/ADarts.app/www/build/3.js
copying file ./Payload/ADarts.app/www/build/4.js ... 
3432 bytes for ./Payload/ADarts.app/www/build/4.js
copying file ./Payload/ADarts.app/www/build/5.js ... 
2017-12-08 02:55:26 +0000  7560 bytes for ./Payload/ADarts.app/www/build/5.js
copying file ./Payload/ADarts.app/www/build/6.js ... 
2888 bytes for ./Payload/ADarts.app/www/build/6.js
copying file ./Payload/ADarts.app/www/build/7.js ... 
8740 bytes for ./Payload/ADarts.app/www/build/7.js
copying file ./Payload/ADarts.app/www/build/8.js ... 
2017-12-08 02:55:26 +0000  9820 bytes for ./Payload/ADarts.app/www/build/8.js
copying file ./Payload/ADarts.app/www/build/9.js ... 
2017-12-08 02:55:26 +0000  8589 bytes for ./Payload/ADarts.app/www/build/9.js
copying file ./Payload/ADarts.app/www/build/main.css ... 
2017-12-08 02:55:26 +0000  691117 bytes for ./Payload/ADarts.app/www/build/main.css
copying file ./Payload/ADarts.app/www/build/main.js ... 
2017-12-08 02:55:26 +0000  388039 bytes for ./Payload/ADarts.app/www/build/main.js
copying file ./Payload/ADarts.app/www/build/polyfills.js ... 
2017-12-08 02:55:26 +0000  97180 bytes for ./Payload/ADarts.app/www/build/polyfills.js
copying file ./Payload/ADarts.app/www/build/sw-toolbox.js ... 
2017-12-08 02:55:26 +0000  15793 bytes for ./Payload/ADarts.app/www/build/sw-toolbox.js
copying file ./Payload/ADarts.app/www/build/vendor.js ... 
2017-12-08 02:55:26 +0000  1216692 bytes for ./Payload/ADarts.app/www/build/vendor.js
2017-12-08 02:55:26 +0000  copying file ./Payload/ADarts.app/www/cordova-js-src/exec.js ... 
8877 bytes for ./Payload/ADarts.app/www/cordova-js-src/exec.js
copying file ./Payload/ADarts.app/www/cordova-js-src/platform.js ... 
1168 bytes for ./Payload/ADarts.app/www/cordova-js-src/platform.js
copying file ./Payload/ADarts.app/www/cordova-js-src/plugin/ios/console.js ... 
6822 bytes for ./Payload/ADarts.app/www/cordova-js-src/plugin/ios/console.js
copying file ./Payload/ADarts.app/www/cordova-js-src/plugin/ios/logger.js ... 
2017-12-08 02:55:26 +0000  10233 bytes for ./Payload/ADarts.app/www/cordova-js-src/plugin/ios/logger.js
copying file ./Payload/ADarts.app/www/cordova.js ... 
2017-12-08 02:55:26 +0000  78044 bytes for ./Payload/ADarts.app/www/cordova.js
copying file ./Payload/ADarts.app/www/cordova_plugins.js ... 
2017-12-08 02:55:26 +0000  11442 bytes for ./Payload/ADarts.app/www/cordova_plugins.js
copying file ./Payload/ADarts.app/www/index.html ... 
2017-12-08 02:55:26 +0000  1902 bytes for ./Payload/ADarts.app/www/index.html
copying file ./Payload/ADarts.app/www/manifest.json ... 
2017-12-08 02:55:26 +0000  269 bytes for ./Payload/ADarts.app/www/manifest.json
copying file ./Payload/ADarts.app/www/plugins/com-sarriaroman-photoviewer/www/PhotoViewer.js ... 
2017-12-08 02:55:26 +0000  395 bytes for ./Payload/ADarts.app/www/plugins/com-sarriaroman-photoviewer/www/PhotoViewer.js
2017-12-08 02:55:26 +0000  copying file ./Payload/ADarts.app/www/plugins/cordova-plugin-alipay-v2/www/alipay.js ... 
2017-12-08 02:55:26 +0000  244 bytes for ./Payload/ADarts.app/www/plugins/cordova-plugin-alipay-v2/www/alipay.js
copying file ./Payload/ADarts.app/www/plugins/cordova-plugin-app-version/www/AppVersionPlugin.js ... 
2276 bytes for ./Payload/ADarts.app/www/plugins/cordova-plugin-app-version/www/AppVersionPlugin.js
2017-12-08 02:55:26 +0000  copying file ./Payload/ADarts.app/www/plugins/cordova-plugin-badge/www/badge.js ... 
2017-12-08 02:55:26 +0000  7091 bytes for ./Payload/ADarts.app/www/plugins/cordova-plugin-badge/www/badge.js
2017-12-08 02:55:26 +0000  copying file ./Payload/ADarts.app/www/plugins/cordova-plugin-camera/www/Camera.js ... 
2017-12-08 02:55:26 +0000  7994 bytes for ./Payload/ADarts.app/www/plugins/cordova-plugin-camera/www/Camera.js
2017-12-08 02:55:26 +0000  copying file ./Payload/ADarts.app/www/plugins/cordova-plugin-camera/www/CameraConstants.js ... 
2017-12-08 02:55:26 +0000  3488 bytes for ./Payload/ADarts.app/www/plugins/cordova-plugin-camera/www/CameraConstants.js
copying file ./Payload/ADarts.app/www/plugins/cordova-plugin-camera/www/CameraPopoverOptions.js ... 
2017-12-08 02:55:26 +0000  2296 bytes for ./Payload/ADarts.app/www/plugins/cordova-plugin-camera/www/CameraPopoverOptions.js
copying file ./Payload/ADarts.app/www/plugins/cordova-plugin-camera/www/ios/CameraPopoverHandle.js ... 
2017-12-08 02:55:26 +0000  2271 bytes for ./Payload/ADarts.app/www/plugins/cordova-plugin-camera/www/ios/CameraPopoverHandle.js
copying file ./Payload/ADarts.app/www/plugins/cordova-plugin-crop/www/crop.js ... 
2017-12-08 02:55:26 +0000  509 bytes for ./Payload/ADarts.app/www/plugins/cordova-plugin-crop/www/crop.js
copying file ./Payload/ADarts.app/www/plugins/cordova-plugin-device/www/device.js ... 
3070 bytes for ./Payload/ADarts.app/www/plugins/cordova-plugin-device/www/device.js
copying file ./Payload/ADarts.app/www/plugins/cordova-plugin-file/www/browser/isChrome.js ... 
1232 bytes for ./Payload/ADarts.app/www/plugins/cordova-plugin-file/www/browser/isChrome.js
copying file ./Payload/ADarts.app/www/plugins/cordova-plugin-file/www/DirectoryEntry.js ... 
2017-12-08 02:55:26 +0000  4681 bytes for ./Payload/ADarts.app/www/plugins/cordova-plugin-file/www/DirectoryEntry.js
copying file ./Payload/ADarts.app/www/plugins/cordova-plugin-file/www/DirectoryReader.js ... 
2724 bytes for ./Payload/ADarts.app/www/plugins/cordova-plugin-file/www/DirectoryReader.js
copying file ./Payload/ADarts.app/www/plugins/cordova-plugin-file/www/Entry.js ... 
9869 bytes for ./Payload/ADarts.app/www/plugins/cordova-plugin-file/www/Entry.js
copying file ./Payload/ADarts.app/www/plugins/cordova-plugin-file/www/File.js ... 
2714 bytes for ./Payload/ADarts.app/www/plugins/cordova-plugin-file/www/File.js
copying file ./Payload/ADarts.app/www/plugins/cordova-plugin-file/www/FileEntry.js ... 
2017-12-08 02:55:26 +0000  3423 bytes for ./Payload/ADarts.app/www/plugins/cordova-plugin-file/www/FileEntry.js
copying file ./Payload/ADarts.app/www/plugins/cordova-plugin-file/www/FileError.js ... 
1483 bytes for ./Payload/ADarts.app/www/plugins/cordova-plugin-file/www/FileError.js
copying file ./Payload/ADarts.app/www/plugins/cordova-plugin-file/www/FileReader.js ... 
10523 bytes for ./Payload/ADarts.app/www/plugins/cordova-plugin-file/www/FileReader.js
copying file ./Payload/ADarts.app/www/plugins/cordova-plugin-file/www/FileSystem.js ... 
1960 bytes for ./Payload/ADarts.app/www/plugins/cordova-plugin-file/www/FileSystem.js
copying file ./Payload/ADarts.app/www/plugins/cordova-plugin-file/www/fileSystemPaths.js ... 
2017-12-08 02:55:26 +0000  2548 bytes for ./Payload/ADarts.app/www/plugins/cordova-plugin-file/www/fileSystemPaths.js
copying file ./Payload/ADarts.app/www/plugins/cordova-plugin-file/www/fileSystems-roots.js ... 
1598 bytes for ./Payload/ADarts.app/www/plugins/cordova-plugin-file/www/fileSystems-roots.js
2017-12-08 02:55:26 +0000  copying file ./Payload/ADarts.app/www/plugins/cordova-plugin-file/www/fileSystems.js ... 
1047 bytes for ./Payload/ADarts.app/www/plugins/cordova-plugin-file/www/fileSystems.js
copying file ./Payload/ADarts.app/www/plugins/cordova-plugin-file/www/FileUploadOptions.js ... 
2017-12-08 02:55:26 +0000  1831 bytes for ./Payload/ADarts.app/www/plugins/cordova-plugin-file/www/FileUploadOptions.js
copying file ./Payload/ADarts.app/www/plugins/cordova-plugin-file/www/FileUploadResult.js ... 
1111 bytes for ./Payload/ADarts.app/www/plugins/cordova-plugin-file/www/FileUploadResult.js
2017-12-08 02:55:26 +0000  copying file ./Payload/ADarts.app/www/plugins/cordova-plugin-file/www/FileWriter.js ... 
10544 bytes for ./Payload/ADarts.app/www/plugins/cordova-plugin-file/www/FileWriter.js
copying file ./Payload/ADarts.app/www/plugins/cordova-plugin-file/www/Flags.js ... 
1336 bytes for ./Payload/ADarts.app/www/plugins/cordova-plugin-file/www/Flags.js
copying file ./Payload/ADarts.app/www/plugins/cordova-plugin-file/www/ios/FileSystem.js ... 
1222 bytes for ./Payload/ADarts.app/www/plugins/cordova-plugin-file/www/ios/FileSystem.js
copying file ./Payload/ADarts.app/www/plugins/cordova-plugin-file/www/LocalFileSystem.js ... 
957 bytes for ./Payload/ADarts.app/www/plugins/cordova-plugin-file/www/LocalFileSystem.js
copying file ./Payload/ADarts.app/www/plugins/cordova-plugin-file/www/Metadata.js ... 
2017-12-08 02:55:26 +0000  1488 bytes for ./Payload/ADarts.app/www/plugins/cordova-plugin-file/www/Metadata.js
copying file ./Payload/ADarts.app/www/plugins/cordova-plugin-file/www/ProgressEvent.js ... 
2544 bytes for ./Payload/ADarts.app/www/plugins/cordova-plugin-file/www/ProgressEvent.js
copying file ./Payload/ADarts.app/www/plugins/cordova-plugin-file/www/requestFileSystem.js ... 
2017-12-08 02:55:26 +0000  3244 bytes for ./Payload/ADarts.app/www/plugins/cordova-plugin-file/www/requestFileSystem.js
copying file ./Payload/ADarts.app/www/plugins/cordova-plugin-file/www/resolveLocalFileSystemURI.js ... 
2017-12-08 02:55:26 +0000  4325 bytes for ./Payload/ADarts.app/www/plugins/cordova-plugin-file/www/resolveLocalFileSystemURI.js
2017-12-08 02:55:26 +0000  copying file ./Payload/ADarts.app/www/plugins/cordova-plugin-file-opener2/www/plugins.FileOpener2.js ... 
2017-12-08 02:55:26 +0000  2418 bytes for ./Payload/ADarts.app/www/plugins/cordova-plugin-file-opener2/www/plugins.FileOpener2.js
copying file ./Payload/ADarts.app/www/plugins/cordova-plugin-file-transfer/www/FileTransfer.js ... 
2017-12-08 02:55:26 +0000  8568 bytes for ./Payload/ADarts.app/www/plugins/cordova-plugin-file-transfer/www/FileTransfer.js
copying file ./Payload/ADarts.app/www/plugins/cordova-plugin-file-transfer/www/FileTransferError.js ... 
2017-12-08 02:55:26 +0000  1488 bytes for ./Payload/ADarts.app/www/plugins/cordova-plugin-file-transfer/www/FileTransferError.js
2017-12-08 02:55:26 +0000  copying file ./Payload/ADarts.app/www/plugins/cordova-plugin-geolocation/www/Coordinates.js ... 
2076 bytes for ./Payload/ADarts.app/www/plugins/cordova-plugin-geolocation/www/Coordinates.js
2017-12-08 02:55:26 +0000  copying file ./Payload/ADarts.app/www/plugins/cordova-plugin-geolocation/www/geolocation.js ... 
2017-12-08 02:55:26 +0000  8660 bytes for ./Payload/ADarts.app/www/plugins/cordova-plugin-geolocation/www/geolocation.js
copying file ./Payload/ADarts.app/www/plugins/cordova-plugin-geolocation/www/Position.js ... 
2017-12-08 02:55:26 +0000  1359 bytes for ./Payload/ADarts.app/www/plugins/cordova-plugin-geolocation/www/Position.js
copying file ./Payload/ADarts.app/www/plugins/cordova-plugin-geolocation/www/PositionError.js ... 
1377 bytes for ./Payload/ADarts.app/www/plugins/cordova-plugin-geolocation/www/PositionError.js
2017-12-08 02:55:26 +0000  copying file ./Payload/ADarts.app/www/plugins/cordova-plugin-image-picker/www/imagepicker.js ... 
2017-12-08 02:55:26 +0000  1294 bytes for ./Payload/ADarts.app/www/plugins/cordova-plugin-image-picker/www/imagepicker.js
copying file ./Payload/ADarts.app/www/plugins/cordova-plugin-local-notification/www/local-notification-core.js ... 
2017-12-08 02:55:26 +0000  11366 bytes for ./Payload/ADarts.app/www/plugins/cordova-plugin-local-notification/www/local-notification-core.js
copying file ./Payload/ADarts.app/www/plugins/cordova-plugin-local-notification/www/local-notification-util.js ... 
11135 bytes for ./Payload/ADarts.app/www/plugins/cordova-plugin-local-notification/www/local-notification-util.js
copying file ./Payload/ADarts.app/www/plugins/cordova-plugin-local-notification/www/local-notification.js ... 
9205 bytes for ./Payload/ADarts.app/www/plugins/cordova-plugin-local-notification/www/local-notification.js
2017-12-08 02:55:26 +0000  copying file ./Payload/ADarts.app/www/plugins/cordova-plugin-splashscreen/www/splashscreen.js ... 
1173 bytes for ./Payload/ADarts.app/www/plugins/cordova-plugin-splashscreen/www/splashscreen.js
copying file ./Payload/ADarts.app/www/plugins/cordova-plugin-statusbar/www/statusbar.js ... 
2017-12-08 02:55:26 +0000  3376 bytes for ./Payload/ADarts.app/www/plugins/cordova-plugin-statusbar/www/statusbar.js
2017-12-08 02:55:26 +0000  copying file ./Payload/ADarts.app/www/plugins/cordova-plugin-wechat/www/wechat.js ... 
5186 bytes for ./Payload/ADarts.app/www/plugins/cordova-plugin-wechat/www/wechat.js
copying file ./Payload/ADarts.app/www/plugins/info.protonet.imageresizer/www/image_resizer.js ... 
400 bytes for ./Payload/ADarts.app/www/plugins/info.protonet.imageresizer/www/image_resizer.js
2017-12-08 02:55:26 +0000  copying file ./Payload/ADarts.app/www/plugins/ionic-plugin-keyboard/www/ios/keyboard.js ... 
2017-12-08 02:55:26 +0000  1108 bytes for ./Payload/ADarts.app/www/plugins/ionic-plugin-keyboard/www/ios/keyboard.js
2017-12-08 02:55:26 +0000  copying file ./Payload/ADarts.app/www/service-worker.js ... 
737 bytes for ./Payload/ADarts.app/www/service-worker.js
2017-12-08 02:55:26 +0000  /usr/bin/ditto exited with 0
2017-12-08 02:55:26 +0000  Processing step: IDEDistributionCreateManifestStep
